<?xml version="1.0" encoding="UTF-8"?>
<!-- Generated by org.testng.reporters.JUnitReportReporter -->
<testsuite skipped="0" hostname="WKWIN1726912" name="practise.AppiumFramework.RealDeviceDemo" tests="1" failures="0" timestamp="20 May 2020 06:21:59 GMT" time="28.893" errors="0">
  <testcase name="totalValidation" time="28.893" classname="practise.AppiumFramework.RealDeviceDemo"/>
</testsuite> <!-- practise.AppiumFramework.RealDeviceDemo -->
