<?xml version="1.0" encoding="UTF-8"?>
<!-- Generated by org.testng.reporters.JUnitReportReporter -->
<testsuite skipped="0" hostname="WKWIN1726912" name="practise.AppiumFramework.ApiDemoTest" tests="2" failures="0" timestamp="20 May 2020 05:41:21 GMT" time="60.163" errors="0">
  <testcase name="apiDemoTest" time="29.472" classname="practise.AppiumFramework.ApiDemoTest"/>
  <testcase name="apiDemoTest" time="30.691" classname="practise.AppiumFramework.ApiDemoTest"/>
</testsuite> <!-- practise.AppiumFramework.ApiDemoTest -->
